# JRE version: Java(TM) SE Runtime Environment (15.0.1+9) (build 15.0.1+9-18)
# Java VM: Java HotSpot(TM) 64-Bit Server VM (15.0.1+9-18, mixed mode, sharing, tiered, compressed oops, g1 gc, windows-amd64)
GC Precious Log:
 CPUs: 2 total, 2 available
 Memory: 3919M
 Large Page Support: Disabled
 NUMA Support: Disabled
 Compressed Oops: Enabled (32-bit)
 Heap Region Size: 1M
 Heap Min Capacity: 256M
 Heap Initial Capacity: 256M
 Heap Max Capacity: 512M
 Pre-touch: Disabled
 Parallel Workers: 2
 Concurrent Workers: 1
 Concurrent Refinement Workers: 2
 Periodic GC: Disabled
Heap:
 garbage-first heap   total 262144K, used 51415K [0x00000000e0000000, 0x0000000100000000)
  region size 1024K, 42 young (43008K), 4 survivors (4096K)
 Metaspace       used 13884K, capacity 14359K, committed 14464K, reserved 266240K
  class space    used 1936K, capacity 2084K, committed 2176K, reserved 253952K
GC Heap History (8 events):
Event: 3.509 GC heap before
{Heap before GC invocations=0 (full 0):
 garbage-first heap   total 262144K, used 17408K [0x00000000e0000000, 0x0000000100000000)
  region size 1024K, 12 young (12288K), 0 survivors (0K)
 Metaspace       used 1296K, capacity 4921K, committed 5120K, reserved 262144K
  class space    used 111K, capacity 467K, committed 512K, reserved 253952K
}
Event: 3.534 GC heap after
{Heap after GC invocations=1 (full 0):
 garbage-first heap   total 262144K, used 7712K [0x00000000e0000000, 0x0000000100000000)
  region size 1024K, 2 young (2048K), 2 survivors (2048K)
 Metaspace       used 1296K, capacity 4921K, committed 5120K, reserved 262144K
  class space    used 111K, capacity 467K, committed 512K, reserved 253952K
}
Event: 5.375 GC heap before
{Heap before GC invocations=1 (full 0):
 garbage-first heap   total 262144K, used 17952K [0x00000000e0000000, 0x0000000100000000)
  region size 1024K, 12 young (12288K), 2 survivors (2048K)
 Metaspace       used 3878K, capacity 6543K, committed 6656K, reserved 262144K
  class space    used 486K, capacity 729K, committed 768K, reserved 253952K
}
Event: 5.381 GC heap after
{Heap after GC invocations=2 (full 0):
 garbage-first heap   total 262144K, used 8684K [0x00000000e0000000, 0x0000000100000000)
  region size 1024K, 1 young (1024K), 1 survivors (1024K)
 Metaspace       used 3878K, capacity 6543K, committed 6656K, reserved 262144K
  class space    used 486K, capacity 729K, committed 768K, reserved 253952K
}
Event: 5.955 GC heap before
{Heap before GC invocations=2 (full 0):
 garbage-first heap   total 262144K, used 19948K [0x00000000e0000000, 0x0000000100000000)
  region size 1024K, 13 young (13312K), 1 survivors (1024K)
 Metaspace       used 3996K, capacity 6607K, committed 6656K, reserved 262144K
  class space    used 488K, capacity 729K, committed 768K, reserved 253952K
}
Event: 5.960 GC heap after
{Heap after GC invocations=3 (full 0):
 garbage-first heap   total 262144K, used 9053K [0x00000000e0000000, 0x0000000100000000)
  region size 1024K, 2 young (2048K), 2 survivors (2048K)
 Metaspace       used 3996K, capacity 6607K, committed 6656K, reserved 262144K
  class space    used 488K, capacity 729K, committed 768K, reserved 253952K
}
Event: 8.117 GC heap before
{Heap before GC invocations=3 (full 0):
 garbage-first heap   total 262144K, used 32605K [0x00000000e0000000, 0x0000000100000000)
  region size 1024K, 26 young (26624K), 2 survivors (2048K)
 Metaspace       used 4634K, capacity 7079K, committed 7296K, reserved 262144K
  class space    used 611K, capacity 865K, committed 896K, reserved 253952K
}
Event: 8.130 GC heap after
{Heap after GC invocations=4 (full 0):
 garbage-first heap   total 262144K, used 13527K [0x00000000e0000000, 0x0000000100000000)
  region size 1024K, 4 young (4096K), 4 survivors (4096K)
 Metaspace       used 4634K, capacity 7079K, committed 7296K, reserved 262144K
  class space    used 611K, capacity 865K, committed 896K, reserved 253952K
}

